0	1	mikroCARM.exe -MSF -DBG -pSTM32F107VC -RA -BIN -LHF -DL -SSA -O11111114 -fo72 -N"D:\Clicks_git\A\Alcohol_3_Click\SW\example\c\ARM\STM\Click_Alcohol3_STM.mcpar" -SP"C:\Users\Public\Documents\Mikroelektronika\mikroC PRO for ARM\Defs\" -SP"C:\Users\Public\Documents\Mikroelektronika\mikroC PRO for ARM\Uses\ST M3\" -SP"D:\Clicks_git\A\Alcohol_3_Click\SW\example\c\ARM\STM\" -SP"D:\Clicks_git\A\Alcohol_3_Click\SW\library\HAL\" -SP"D:\Clicks_git\A\Alcohol_3_Click\SW\library\" -SP"C:\Users\Public\Documents\Mikroelektronika\mikroC PRO for ARM\Packages\mikroBUS Board Definition API\Uses\" -IP"C:\Users\Public\Documents\Mikroelektronika\mikroC PRO for ARM\Uses\ST M3\" -IP"D:\Clicks_git\A\Alcohol_3_Click\SW\example\c\ARM\STM\" -IP"D:\Clicks_git\A\Alcohol_3_Click\SW\library\" -IP"D:\Clicks_git\A\Alcohol_3_Click\SW\library\HAL\" -IP"C:\Users\Public\Documents\Mikroelektronika\mikroC PRO for ARM\Packages\mikroBUS Board Definition API\Uses\" "Click_Alcohol3_STM.c" "__alcohol3_driver.c" "__Lib_Math.emcl" "__Lib_MathDouble.emcl" "__Lib_Delays.emcl" "__Lib_System_105_107.emcl" "__Lib_GPIO_32F10x_Defs.emcl" "__Lib_GPIO_32F10x.emcl" "__Lib_CString.emcl" "__Lib_Conversions.emcl" "__Lib_ADC_12_32F10x_16ch.emcl" "__Lib_I2C_12.emcl" "__Lib_UART_123_45.emcl" "easymx_v7_STM32F107VC.emcl" "Click_Alcohol3.pld"	 
diagnostics: 0	122	Compilation Started	STM32F107VC.c
diagnostics: 38838	123	Compiled Successfully	STM32F107VC.c
diagnostics: 0	122	Compilation Started	__Lib_Delays.c
diagnostics: 118	123	Compiled Successfully	__Lib_Delays.c
hint: 66	1164	Variable 'cycles_div_by_10' has been eliminated by optimizer	__Lib_Delays.c
hint: 87	1164	Variable 'NumberOfCyc' has been eliminated by optimizer	__Lib_Delays.c
hint: 104	1164	Variable 'NumberOfCyc' has been eliminated by optimizer	__Lib_Delays.c
diagnostics: 0	122	Compilation Started	__lib_gpio.h
diagnostics: 814	123	Compiled Successfully	__Lib_GPIO_32F10x_Defs.c
diagnostics: 0	122	Compilation Started	stdint.h
diagnostics: 349	123	Compiled Successfully	easymx_v7_STM32F107VC.c
diagnostics: 0	122	Compilation Started	stdint.h
diagnostics: 93	123	Compiled Successfully	Click_Alcohol3_STM.c
hint: 44	1164	Variable 'CO_ppm' has been eliminated by optimizer	Click_Alcohol3_STM.c
diagnostics: 0	122	Compilation Started	stdint.h
diagnostics: 190	123	Compiled Successfully	__alcohol3_driver.c
hint: 323	1164	Variable 'tmp' has been eliminated by optimizer	__alcohol3_driver.c
hint: 84	1164	Variable 'tmp' has been eliminated by optimizer	__alcohol3_driver.c
hint: 101	1164	Variable 'ptr' has been eliminated by optimizer	__alcohol3_driver.c
hint: 109	1164	Variable 'ptr' has been eliminated by optimizer	__alcohol3_driver.c
hint: 45	1164	Variable 'mgL' has been eliminated by optimizer	__alcohol3_driver.c
hint: 148	1164	Variable 'CO_ppm' has been eliminated by optimizer	__alcohol3_driver.c
hint: 149	1164	Variable 'adcData' has been eliminated by optimizer	__alcohol3_driver.c
hint: 159	1164	Variable 'CO_ppm' has been eliminated by optimizer	__alcohol3_driver.c
hint: 160	1164	Variable 'CO_mgL' has been eliminated by optimizer	__alcohol3_driver.c
hint: 170	1164	Variable 'Ethanol_ppm' has been eliminated by optimizer	__alcohol3_driver.c
hint: 171	1164	Variable 'CO_ppm' has been eliminated by optimizer	__alcohol3_driver.c
hint: 181	1164	Variable 'Alcohol_mgL' has been eliminated by optimizer	__alcohol3_driver.c
hint: 182	1164	Variable 'Ethanol_ppm' has been eliminated by optimizer	__alcohol3_driver.c
hint: 183	1164	Variable 'readData' has been eliminated by optimizer	__alcohol3_driver.c
diagnostics: 0	127	All files Compiled in 109 ms	 
hint: 0	1144	Used RX: 16 (100%)   Free RX: 0 (0%)	Used RX: 16 (100%)   Free RX: 0 (0%)
hint: 0	1144	Static RAM (bytes): 265   Dynamic RAM (bytes): 65265	Static RAM (bytes): 265   Dynamic RAM (bytes): 65265
hint: 0	1144	Used ROM (bytes): 9326 (4%)  Free ROM (bytes): 252818 (96%)	Used ROM (bytes): 9326 (4%)  Free ROM (bytes): 252818 (96%)
diagnostics: 0	125	Project Linked Successfully	Click_Alcohol3_STM.mcpar
diagnostics: 0	128	Linked in 281 ms	 
diagnostics: 0	129	Project 'Click_Alcohol3_STM.mcpar' completed: 1265 ms	 
diagnostics: 0	103	Finished successfully: 28 nov 2018, 12:06:25	Click_Alcohol3_STM.mcpar
